  [1m[35m (0.1ms)[0m  [1m[34mSELECT sqlite_version(*)[0m
  ↳ /Users/paz_torres/.rvm/gems/ruby-2.5.1/bin/rake:23
  [1m[35m (3.4ms)[0m  [1m[35mCREATE TABLE "schema_migrations" ("version" varchar NOT NULL PRIMARY KEY)[0m
  ↳ /Users/paz_torres/.rvm/gems/ruby-2.5.1/bin/rake:23
  [1m[35m (1.0ms)[0m  [1m[35mCREATE TABLE "ar_internal_metadata" ("key" varchar NOT NULL PRIMARY KEY, "value" varchar, "created_at" datetime NOT NULL, "updated_at" datetime NOT NULL)[0m
  ↳ /Users/paz_torres/.rvm/gems/ruby-2.5.1/bin/rake:23
  [1m[35m (0.2ms)[0m  [1m[34mSELECT "schema_migrations"."version" FROM "schema_migrations" ORDER BY "schema_migrations"."version" ASC[0m
  ↳ /Users/paz_torres/.rvm/gems/ruby-2.5.1/bin/rake:23
Migrating to CreateUsers (20190329134320)
  [1m[35m (0.2ms)[0m  [1m[36mbegin transaction[0m
  ↳ /Users/paz_torres/.rvm/gems/ruby-2.5.1/bin/rake:23
  [1m[35m (0.1ms)[0m  [1m[31mrollback transaction[0m
  ↳ /Users/paz_torres/.rvm/gems/ruby-2.5.1/bin/rake:23
  [1m[35m (0.1ms)[0m  [1m[34mSELECT "schema_migrations"."version" FROM "schema_migrations" ORDER BY "schema_migrations"."version" ASC[0m
  ↳ /Users/paz_torres/.rvm/gems/ruby-2.5.1/bin/rake:23
Migrating to CreateUsers (20190329134320)
  [1m[35m (0.1ms)[0m  [1m[36mbegin transaction[0m
  ↳ /Users/paz_torres/.rvm/gems/ruby-2.5.1/bin/rake:23
  [1m[35m (0.1ms)[0m  [1m[34mSELECT sqlite_version(*)[0m
  ↳ db/migrate/20190329134320_create_users.rb:3
  [1m[35m (0.5ms)[0m  [1m[35mCREATE TABLE "users" ("id" integer PRIMARY KEY AUTOINCREMENT NOT NULL, "name" varchar, "lastname" varchar, "email" varchar, "password" varchar, "address" varchar, "phone" integer, "created_at" datetime NOT NULL, "updated_at" datetime NOT NULL)[0m
  ↳ db/migrate/20190329134320_create_users.rb:3
  [1m[36mActiveRecord::SchemaMigration Create (0.2ms)[0m  [1m[32mINSERT INTO "schema_migrations" ("version") VALUES (?)[0m  [["version", "20190329134320"]]
  ↳ /Users/paz_torres/.rvm/gems/ruby-2.5.1/bin/rake:23
  [1m[35m (1.8ms)[0m  [1m[36mcommit transaction[0m
  ↳ /Users/paz_torres/.rvm/gems/ruby-2.5.1/bin/rake:23
Migrating to CreateEventVenues (20190329134334)
  [1m[35m (0.1ms)[0m  [1m[36mbegin transaction[0m
  ↳ /Users/paz_torres/.rvm/gems/ruby-2.5.1/bin/rake:23
  [1m[35m (0.4ms)[0m  [1m[35mCREATE TABLE "event_venues" ("id" integer PRIMARY KEY AUTOINCREMENT NOT NULL, "name" varchar, "address" varchar, "capacity" integer, "created_at" datetime NOT NULL, "updated_at" datetime NOT NULL)[0m
  ↳ db/migrate/20190329134334_create_event_venues.rb:3
  [1m[36mActiveRecord::SchemaMigration Create (0.2ms)[0m  [1m[32mINSERT INTO "schema_migrations" ("version") VALUES (?)[0m  [["version", "20190329134334"]]
  ↳ /Users/paz_torres/.rvm/gems/ruby-2.5.1/bin/rake:23
  [1m[35m (1.7ms)[0m  [1m[36mcommit transaction[0m
  ↳ /Users/paz_torres/.rvm/gems/ruby-2.5.1/bin/rake:23
Migrating to CreateEvents (20190329134423)
  [1m[35m (0.1ms)[0m  [1m[36mbegin transaction[0m
  ↳ /Users/paz_torres/.rvm/gems/ruby-2.5.1/bin/rake:23
  [1m[35m (0.4ms)[0m  [1m[35mCREATE TABLE "events" ("id" integer PRIMARY KEY AUTOINCREMENT NOT NULL, "name" varchar, "description" varchar, "start_date" date, "event_venue_id" integer, "created_at" datetime NOT NULL, "updated_at" datetime NOT NULL, CONSTRAINT "fk_rails_07a8e73ad7"
FOREIGN KEY ("event_venue_id")
  REFERENCES "event_venues" ("id")
)[0m
  ↳ db/migrate/20190329134423_create_events.rb:3
  [1m[35m (0.1ms)[0m  [1m[35mCREATE  INDEX "index_events_on_event_venue_id" ON "events" ("event_venue_id")[0m
  ↳ db/migrate/20190329134423_create_events.rb:3
  [1m[36mActiveRecord::SchemaMigration Create (0.1ms)[0m  [1m[32mINSERT INTO "schema_migrations" ("version") VALUES (?)[0m  [["version", "20190329134423"]]
  ↳ /Users/paz_torres/.rvm/gems/ruby-2.5.1/bin/rake:23
  [1m[35m (1.7ms)[0m  [1m[36mcommit transaction[0m
  ↳ /Users/paz_torres/.rvm/gems/ruby-2.5.1/bin/rake:23
Migrating to CreateTicketZones (20190329134615)
  [1m[35m (0.1ms)[0m  [1m[36mbegin transaction[0m
  ↳ /Users/paz_torres/.rvm/gems/ruby-2.5.1/bin/rake:23
  [1m[35m (0.4ms)[0m  [1m[35mCREATE TABLE "ticket_zones" ("id" integer PRIMARY KEY AUTOINCREMENT NOT NULL, "zone" varchar, "created_at" datetime NOT NULL, "updated_at" datetime NOT NULL)[0m
  ↳ db/migrate/20190329134615_create_ticket_zones.rb:3
  [1m[36mActiveRecord::SchemaMigration Create (0.2ms)[0m  [1m[32mINSERT INTO "schema_migrations" ("version") VALUES (?)[0m  [["version", "20190329134615"]]
  ↳ /Users/paz_torres/.rvm/gems/ruby-2.5.1/bin/rake:23
  [1m[35m (1.8ms)[0m  [1m[36mcommit transaction[0m
  ↳ /Users/paz_torres/.rvm/gems/ruby-2.5.1/bin/rake:23
Migrating to CreateTicketTypes (20190329134642)
  [1m[35m (0.1ms)[0m  [1m[36mbegin transaction[0m
  ↳ /Users/paz_torres/.rvm/gems/ruby-2.5.1/bin/rake:23
  [1m[35m (0.4ms)[0m  [1m[35mCREATE TABLE "ticket_types" ("id" integer PRIMARY KEY AUTOINCREMENT NOT NULL, "event_id" integer, "price" integer, "ticket_zone_id" integer, "created_at" datetime NOT NULL, "updated_at" datetime NOT NULL, CONSTRAINT "fk_rails_3f5bd3dab9"
FOREIGN KEY ("event_id")
  REFERENCES "events" ("id")
, CONSTRAINT "fk_rails_0920abe530"
FOREIGN KEY ("ticket_zone_id")
  REFERENCES "ticket_zones" ("id")
)[0m
  ↳ db/migrate/20190329134642_create_ticket_types.rb:3
  [1m[35m (0.1ms)[0m  [1m[35mCREATE  INDEX "index_ticket_types_on_event_id" ON "ticket_types" ("event_id")[0m
  ↳ db/migrate/20190329134642_create_ticket_types.rb:3
  [1m[35m (0.1ms)[0m  [1m[35mCREATE  INDEX "index_ticket_types_on_ticket_zone_id" ON "ticket_types" ("ticket_zone_id")[0m
  ↳ db/migrate/20190329134642_create_ticket_types.rb:3
  [1m[36mActiveRecord::SchemaMigration Create (0.1ms)[0m  [1m[32mINSERT INTO "schema_migrations" ("version") VALUES (?)[0m  [["version", "20190329134642"]]
  ↳ /Users/paz_torres/.rvm/gems/ruby-2.5.1/bin/rake:23
  [1m[35m (1.6ms)[0m  [1m[36mcommit transaction[0m
  ↳ /Users/paz_torres/.rvm/gems/ruby-2.5.1/bin/rake:23
Migrating to CreateOrders (20190329134721)
  [1m[35m (0.1ms)[0m  [1m[36mbegin transaction[0m
  ↳ /Users/paz_torres/.rvm/gems/ruby-2.5.1/bin/rake:23
  [1m[35m (0.4ms)[0m  [1m[35mCREATE TABLE "orders" ("id" integer PRIMARY KEY AUTOINCREMENT NOT NULL, "user_id" integer, "created_at" datetime NOT NULL, "updated_at" datetime NOT NULL, CONSTRAINT "fk_rails_f868b47f6a"
FOREIGN KEY ("user_id")
  REFERENCES "users" ("id")
)[0m
  ↳ db/migrate/20190329134721_create_orders.rb:3
  [1m[35m (0.1ms)[0m  [1m[35mCREATE  INDEX "index_orders_on_user_id" ON "orders" ("user_id")[0m
  ↳ db/migrate/20190329134721_create_orders.rb:3
  [1m[36mActiveRecord::SchemaMigration Create (0.1ms)[0m  [1m[32mINSERT INTO "schema_migrations" ("version") VALUES (?)[0m  [["version", "20190329134721"]]
  ↳ /Users/paz_torres/.rvm/gems/ruby-2.5.1/bin/rake:23
  [1m[35m (2.1ms)[0m  [1m[36mcommit transaction[0m
  ↳ /Users/paz_torres/.rvm/gems/ruby-2.5.1/bin/rake:23
Migrating to CreateTickets (20190329134851)
  [1m[35m (0.1ms)[0m  [1m[36mbegin transaction[0m
  ↳ /Users/paz_torres/.rvm/gems/ruby-2.5.1/bin/rake:23
  [1m[35m (0.4ms)[0m  [1m[35mCREATE TABLE "tickets" ("id" integer PRIMARY KEY AUTOINCREMENT NOT NULL, "ticket_type_id" integer, "order_id" integer, "created_at" datetime NOT NULL, "updated_at" datetime NOT NULL, CONSTRAINT "fk_rails_89217f3a4e"
FOREIGN KEY ("ticket_type_id")
  REFERENCES "ticket_types" ("id")
, CONSTRAINT "fk_rails_c6410ba81d"
FOREIGN KEY ("order_id")
  REFERENCES "orders" ("id")
)[0m
  ↳ db/migrate/20190329134851_create_tickets.rb:3
  [1m[35m (0.1ms)[0m  [1m[35mCREATE  INDEX "index_tickets_on_ticket_type_id" ON "tickets" ("ticket_type_id")[0m
  ↳ db/migrate/20190329134851_create_tickets.rb:3
  [1m[35m (0.1ms)[0m  [1m[35mCREATE  INDEX "index_tickets_on_order_id" ON "tickets" ("order_id")[0m
  ↳ db/migrate/20190329134851_create_tickets.rb:3
  [1m[36mActiveRecord::SchemaMigration Create (0.1ms)[0m  [1m[32mINSERT INTO "schema_migrations" ("version") VALUES (?)[0m  [["version", "20190329134851"]]
  ↳ /Users/paz_torres/.rvm/gems/ruby-2.5.1/bin/rake:23
  [1m[35m (2.4ms)[0m  [1m[36mcommit transaction[0m
  ↳ /Users/paz_torres/.rvm/gems/ruby-2.5.1/bin/rake:23
  [1m[36mActiveRecord::InternalMetadata Load (0.2ms)[0m  [1m[34mSELECT  "ar_internal_metadata".* FROM "ar_internal_metadata" WHERE "ar_internal_metadata"."key" = ? LIMIT ?[0m  [["key", "environment"], ["LIMIT", 1]]
  ↳ /Users/paz_torres/.rvm/gems/ruby-2.5.1/bin/rake:23
  [1m[35m (0.1ms)[0m  [1m[36mbegin transaction[0m
  ↳ /Users/paz_torres/.rvm/gems/ruby-2.5.1/bin/rake:23
  [1m[36mActiveRecord::InternalMetadata Create (0.3ms)[0m  [1m[32mINSERT INTO "ar_internal_metadata" ("key", "value", "created_at", "updated_at") VALUES (?, ?, ?, ?)[0m  [["key", "environment"], ["value", "development"], ["created_at", "2019-04-03 12:11:47.351673"], ["updated_at", "2019-04-03 12:11:47.351673"]]
  ↳ /Users/paz_torres/.rvm/gems/ruby-2.5.1/bin/rake:23
  [1m[35m (1.7ms)[0m  [1m[36mcommit transaction[0m
  ↳ /Users/paz_torres/.rvm/gems/ruby-2.5.1/bin/rake:23
  [1m[35m (0.1ms)[0m  [1m[34mSELECT "schema_migrations"."version" FROM "schema_migrations" ORDER BY "schema_migrations"."version" ASC[0m
  ↳ /Users/paz_torres/.rvm/gems/ruby-2.5.1/bin/rake:23
  [1m[35m (0.1ms)[0m  [1m[34mSELECT "schema_migrations"."version" FROM "schema_migrations" ORDER BY "schema_migrations"."version" ASC[0m
  ↳ /Users/paz_torres/.rvm/gems/ruby-2.5.1/bin/rake:23
  [1m[35m (0.1ms)[0m  [1m[36mbegin transaction[0m
  ↳ db/seeds.rb:25
  [1m[36mUser Create (0.9ms)[0m  [1m[32mINSERT INTO "users" ("name", "lastname", "email", "password", "address", "created_at", "updated_at") VALUES (?, ?, ?, ?, ?, ?, ?)[0m  [["name", "Claudio"], ["lastname", "Alvarez"], ["email", "calvarez1@miuandes.cl"], ["password", "123456"], ["address", "San Carlos de Apoquindo"], ["created_at", "2019-04-03 12:11:56.843722"], ["updated_at", "2019-04-03 12:11:56.843722"]]
  ↳ db/seeds.rb:25
  [1m[35m (1.7ms)[0m  [1m[36mcommit transaction[0m
  ↳ db/seeds.rb:25
  [1m[35m (0.1ms)[0m  [1m[36mbegin transaction[0m
  ↳ db/seeds.rb:25
  [1m[36mUser Create (0.4ms)[0m  [1m[32mINSERT INTO "users" ("name", "lastname", "email", "password", "address", "created_at", "updated_at") VALUES (?, ?, ?, ?, ?, ?, ?)[0m  [["name", "Juan"], ["lastname", "Rataplan"], ["email", "jrataplan@miuandes.cl"], ["password", "123456"], ["address", "San Carlos de Apoquindo"], ["created_at", "2019-04-03 12:11:56.848891"], ["updated_at", "2019-04-03 12:11:56.848891"]]
  ↳ db/seeds.rb:25
  [1m[35m (1.6ms)[0m  [1m[36mcommit transaction[0m
  ↳ db/seeds.rb:25
  [1m[35m (0.1ms)[0m  [1m[36mbegin transaction[0m
  ↳ db/seeds.rb:25
  [1m[36mUser Create (0.4ms)[0m  [1m[32mINSERT INTO "users" ("name", "lastname", "email", "password", "address", "created_at", "updated_at") VALUES (?, ?, ?, ?, ?, ?, ?)[0m  [["name", "Raul"], ["lastname", "Rabufetti"], ["email", "rrabufetti@miuandes.cl"], ["password", "123456"], ["address", "San Carlos de Apoquindo"], ["created_at", "2019-04-03 12:11:56.852692"], ["updated_at", "2019-04-03 12:11:56.852692"]]
  ↳ db/seeds.rb:25
  [1m[35m (1.6ms)[0m  [1m[36mcommit transaction[0m
  ↳ db/seeds.rb:25
  [1m[35m (0.1ms)[0m  [1m[36mbegin transaction[0m
  ↳ db/seeds.rb:25
  [1m[36mUser Create (0.3ms)[0m  [1m[32mINSERT INTO "users" ("name", "lastname", "email", "password", "address", "created_at", "updated_at") VALUES (?, ?, ?, ?, ?, ?, ?)[0m  [["name", "Raul"], ["lastname", "Ganfolfi"], ["email", "rgandolfi@miuandes.cl"], ["password", "123456"], ["address", "San Carlos de Apoquindo"], ["created_at", "2019-04-03 12:11:56.856284"], ["updated_at", "2019-04-03 12:11:56.856284"]]
  ↳ db/seeds.rb:25
  [1m[35m (1.4ms)[0m  [1m[36mcommit transaction[0m
  ↳ db/seeds.rb:25
  [1m[35m (0.0ms)[0m  [1m[36mbegin transaction[0m
  ↳ db/seeds.rb:25
  [1m[36mUser Create (0.3ms)[0m  [1m[32mINSERT INTO "users" ("name", "lastname", "email", "password", "address", "created_at", "updated_at") VALUES (?, ?, ?, ?, ?, ?, ?)[0m  [["name", "Licenciado"], ["lastname", "Varela"], ["email", "lvarela@miuandes.cl"], ["password", "123456"], ["address", "San Carlos de Apoquindo"], ["created_at", "2019-04-03 12:11:56.859370"], ["updated_at", "2019-04-03 12:11:56.859370"]]
  ↳ db/seeds.rb:25
  [1m[35m (1.4ms)[0m  [1m[36mcommit transaction[0m
  ↳ db/seeds.rb:25
  [1m[35m (0.1ms)[0m  [1m[36mbegin transaction[0m
  ↳ db/seeds.rb:33
  [1m[36mEventVenue Create (0.4ms)[0m  [1m[32mINSERT INTO "event_venues" ("name", "address", "capacity", "created_at", "updated_at") VALUES (?, ?, ?, ?, ?)[0m  [["name", "Estadio Nacional"], ["address", "Maraton"], ["capacity", 60000], ["created_at", "2019-04-03 12:11:56.872348"], ["updated_at", "2019-04-03 12:11:56.872348"]]
  ↳ db/seeds.rb:33
  [1m[35m (1.8ms)[0m  [1m[36mcommit transaction[0m
  ↳ db/seeds.rb:33
  [1m[35m (0.1ms)[0m  [1m[36mbegin transaction[0m
  ↳ db/seeds.rb:33
  [1m[36mEventVenue Create (0.3ms)[0m  [1m[32mINSERT INTO "event_venues" ("name", "address", "capacity", "created_at", "updated_at") VALUES (?, ?, ?, ?, ?)[0m  [["name", "Estadio Monumental"], ["address", "Exequiel"], ["capacity", 25000], ["created_at", "2019-04-03 12:11:56.875937"], ["updated_at", "2019-04-03 12:11:56.875937"]]
  ↳ db/seeds.rb:33
  [1m[35m (1.8ms)[0m  [1m[36mcommit transaction[0m
  ↳ db/seeds.rb:33
  [1m[35m (0.1ms)[0m  [1m[36mbegin transaction[0m
  ↳ db/seeds.rb:33
  [1m[36mEventVenue Create (0.3ms)[0m  [1m[32mINSERT INTO "event_venues" ("name", "address", "capacity", "created_at", "updated_at") VALUES (?, ?, ?, ?, ?)[0m  [["name", "Movistar Arena"], ["address", "Matta"], ["capacity", 15000], ["created_at", "2019-04-03 12:11:56.879381"], ["updated_at", "2019-04-03 12:11:56.879381"]]
  ↳ db/seeds.rb:33
  [1m[35m (1.7ms)[0m  [1m[36mcommit transaction[0m
  ↳ db/seeds.rb:33
  [1m[35m (0.1ms)[0m  [1m[36mbegin transaction[0m
  ↳ db/seeds.rb:44
  [1m[36mEvent Create (0.5ms)[0m  [1m[32mINSERT INTO "events" ("name", "description", "start_date", "event_venue_id", "created_at", "updated_at") VALUES (?, ?, ?, ?, ?, ?)[0m  [["name", "Festival de la Cancion"], ["description", "Puro reggaeton"], ["start_date", "2019-03-01"], ["event_venue_id", 1], ["created_at", "2019-04-03 12:11:56.953465"], ["updated_at", "2019-04-03 12:11:56.953465"]]
  ↳ db/seeds.rb:44
  [1m[35m (1.9ms)[0m  [1m[36mcommit transaction[0m
  ↳ db/seeds.rb:44
  [1m[35m (0.1ms)[0m  [1m[36mbegin transaction[0m
  ↳ db/seeds.rb:44
  [1m[36mEvent Create (0.5ms)[0m  [1m[32mINSERT INTO "events" ("name", "description", "start_date", "event_venue_id", "created_at", "updated_at") VALUES (?, ?, ?, ?, ?, ?)[0m  [["name", "Twisted Sister"], ["description", "Puro rock"], ["start_date", "2019-04-01"], ["event_venue_id", 2], ["created_at", "2019-04-03 12:11:56.960432"], ["updated_at", "2019-04-03 12:11:56.960432"]]
  ↳ db/seeds.rb:44
  [1m[35m (1.9ms)[0m  [1m[36mcommit transaction[0m
  ↳ db/seeds.rb:44
  [1m[35m (0.1ms)[0m  [1m[36mbegin transaction[0m
  ↳ db/seeds.rb:44
  [1m[36mEvent Create (0.4ms)[0m  [1m[32mINSERT INTO "events" ("name", "description", "start_date", "event_venue_id", "created_at", "updated_at") VALUES (?, ?, ?, ?, ?, ?)[0m  [["name", "Bad Bunny"], ["description", "Puro Trap"], ["start_date", "2019-05-01"], ["event_venue_id", 3], ["created_at", "2019-04-03 12:11:56.964904"], ["updated_at", "2019-04-03 12:11:56.964904"]]
  ↳ db/seeds.rb:44
  [1m[35m (1.7ms)[0m  [1m[36mcommit transaction[0m
  ↳ db/seeds.rb:44
  [1m[35m (0.0ms)[0m  [1m[36mbegin transaction[0m
  ↳ db/seeds.rb:52
  [1m[36mTicketZone Create (0.3ms)[0m  [1m[32mINSERT INTO "ticket_zones" ("zone", "created_at", "updated_at") VALUES (?, ?, ?)[0m  [["zone", "Cancha"], ["created_at", "2019-04-03 12:11:56.977898"], ["updated_at", "2019-04-03 12:11:56.977898"]]
  ↳ db/seeds.rb:52
  [1m[35m (1.7ms)[0m  [1m[36mcommit transaction[0m
  ↳ db/seeds.rb:52
  [1m[35m (0.1ms)[0m  [1m[36mbegin transaction[0m
  ↳ db/seeds.rb:52
  [1m[36mTicketZone Create (0.4ms)[0m  [1m[32mINSERT INTO "ticket_zones" ("zone", "created_at", "updated_at") VALUES (?, ?, ?)[0m  [["zone", "Pacifico"], ["created_at", "2019-04-03 12:11:56.981360"], ["updated_at", "2019-04-03 12:11:56.981360"]]
  ↳ db/seeds.rb:52
  [1m[35m (1.6ms)[0m  [1m[36mcommit transaction[0m
  ↳ db/seeds.rb:52
  [1m[35m (0.1ms)[0m  [1m[36mbegin transaction[0m
  ↳ db/seeds.rb:52
  [1m[36mTicketZone Create (0.3ms)[0m  [1m[32mINSERT INTO "ticket_zones" ("zone", "created_at", "updated_at") VALUES (?, ?, ?)[0m  [["zone", "Pacifico VIP"], ["created_at", "2019-04-03 12:11:56.985032"], ["updated_at", "2019-04-03 12:11:56.985032"]]
  ↳ db/seeds.rb:52
  [1m[35m (1.7ms)[0m  [1m[36mcommit transaction[0m
  ↳ db/seeds.rb:52
  [1m[35m (0.1ms)[0m  [1m[36mbegin transaction[0m
  ↳ db/seeds.rb:68
  [1m[36mTicketType Create (0.5ms)[0m  [1m[32mINSERT INTO "ticket_types" ("event_id", "price", "ticket_zone_id", "created_at", "updated_at") VALUES (?, ?, ?, ?, ?)[0m  [["event_id", 1], ["price", 20000], ["ticket_zone_id", 1], ["created_at", "2019-04-03 12:11:56.999900"], ["updated_at", "2019-04-03 12:11:56.999900"]]
  ↳ db/seeds.rb:68
  [1m[35m (2.1ms)[0m  [1m[36mcommit transaction[0m
  ↳ db/seeds.rb:68
  [1m[35m (0.1ms)[0m  [1m[36mbegin transaction[0m
  ↳ db/seeds.rb:68
  [1m[36mTicketType Create (0.6ms)[0m  [1m[32mINSERT INTO "ticket_types" ("event_id", "price", "ticket_zone_id", "created_at", "updated_at") VALUES (?, ?, ?, ?, ?)[0m  [["event_id", 1], ["price", 30000], ["ticket_zone_id", 2], ["created_at", "2019-04-03 12:11:57.004416"], ["updated_at", "2019-04-03 12:11:57.004416"]]
  ↳ db/seeds.rb:68
  [1m[35m (1.9ms)[0m  [1m[36mcommit transaction[0m
  ↳ db/seeds.rb:68
  [1m[35m (0.1ms)[0m  [1m[36mbegin transaction[0m
  ↳ db/seeds.rb:68
  [1m[36mTicketType Create (0.4ms)[0m  [1m[32mINSERT INTO "ticket_types" ("event_id", "price", "ticket_zone_id", "created_at", "updated_at") VALUES (?, ?, ?, ?, ?)[0m  [["event_id", 1], ["price", 40000], ["ticket_zone_id", 3], ["created_at", "2019-04-03 12:11:57.008927"], ["updated_at", "2019-04-03 12:11:57.008927"]]
  ↳ db/seeds.rb:68
  [1m[35m (1.9ms)[0m  [1m[36mcommit transaction[0m
  ↳ db/seeds.rb:68
  [1m[35m (0.0ms)[0m  [1m[36mbegin transaction[0m
  ↳ db/seeds.rb:68
  [1m[36mTicketType Create (0.3ms)[0m  [1m[32mINSERT INTO "ticket_types" ("event_id", "price", "ticket_zone_id", "created_at", "updated_at") VALUES (?, ?, ?, ?, ?)[0m  [["event_id", 2], ["price", 20000], ["ticket_zone_id", 1], ["created_at", "2019-04-03 12:11:57.012769"], ["updated_at", "2019-04-03 12:11:57.012769"]]
  ↳ db/seeds.rb:68
  [1m[35m (1.8ms)[0m  [1m[36mcommit transaction[0m
  ↳ db/seeds.rb:68
  [1m[35m (0.1ms)[0m  [1m[36mbegin transaction[0m
  ↳ db/seeds.rb:68
  [1m[36mTicketType Create (0.3ms)[0m  [1m[32mINSERT INTO "ticket_types" ("event_id", "price", "ticket_zone_id", "created_at", "updated_at") VALUES (?, ?, ?, ?, ?)[0m  [["event_id", 2], ["price", 30000], ["ticket_zone_id", 2], ["created_at", "2019-04-03 12:11:57.016403"], ["updated_at", "2019-04-03 12:11:57.016403"]]
  ↳ db/seeds.rb:68
  [1m[35m (1.6ms)[0m  [1m[36mcommit transaction[0m
  ↳ db/seeds.rb:68
  [1m[35m (0.1ms)[0m  [1m[36mbegin transaction[0m
  ↳ db/seeds.rb:68
  [1m[36mTicketType Create (0.5ms)[0m  [1m[32mINSERT INTO "ticket_types" ("event_id", "price", "ticket_zone_id", "created_at", "updated_at") VALUES (?, ?, ?, ?, ?)[0m  [["event_id", 2], ["price", 40000], ["ticket_zone_id", 3], ["created_at", "2019-04-03 12:11:57.019816"], ["updated_at", "2019-04-03 12:11:57.019816"]]
  ↳ db/seeds.rb:68
  [1m[35m (1.9ms)[0m  [1m[36mcommit transaction[0m
  ↳ db/seeds.rb:68
  [1m[35m (0.1ms)[0m  [1m[36mbegin transaction[0m
  ↳ db/seeds.rb:68
  [1m[36mTicketType Create (0.3ms)[0m  [1m[32mINSERT INTO "ticket_types" ("event_id", "price", "ticket_zone_id", "created_at", "updated_at") VALUES (?, ?, ?, ?, ?)[0m  [["event_id", 3], ["price", 20000], ["ticket_zone_id", 1], ["created_at", "2019-04-03 12:11:57.023807"], ["updated_at", "2019-04-03 12:11:57.023807"]]
  ↳ db/seeds.rb:68
  [1m[35m (1.7ms)[0m  [1m[36mcommit transaction[0m
  ↳ db/seeds.rb:68
  [1m[35m (0.1ms)[0m  [1m[36mbegin transaction[0m
  ↳ db/seeds.rb:68
  [1m[36mTicketType Create (0.4ms)[0m  [1m[32mINSERT INTO "ticket_types" ("event_id", "price", "ticket_zone_id", "created_at", "updated_at") VALUES (?, ?, ?, ?, ?)[0m  [["event_id", 3], ["price", 30000], ["ticket_zone_id", 2], ["created_at", "2019-04-03 12:11:57.027370"], ["updated_at", "2019-04-03 12:11:57.027370"]]
  ↳ db/seeds.rb:68
  [1m[35m (1.7ms)[0m  [1m[36mcommit transaction[0m
  ↳ db/seeds.rb:68
  [1m[35m (0.0ms)[0m  [1m[36mbegin transaction[0m
  ↳ db/seeds.rb:68
  [1m[36mTicketType Create (0.3ms)[0m  [1m[32mINSERT INTO "ticket_types" ("event_id", "price", "ticket_zone_id", "created_at", "updated_at") VALUES (?, ?, ?, ?, ?)[0m  [["event_id", 3], ["price", 40000], ["ticket_zone_id", 3], ["created_at", "2019-04-03 12:11:57.031100"], ["updated_at", "2019-04-03 12:11:57.031100"]]
  ↳ db/seeds.rb:68
  [1m[35m (1.8ms)[0m  [1m[36mcommit transaction[0m
  ↳ db/seeds.rb:68
  [1m[35m (0.1ms)[0m  [1m[36mbegin transaction[0m
  ↳ db/seeds.rb:74
  [1m[36mOrder Create (0.6ms)[0m  [1m[32mINSERT INTO "orders" ("user_id", "created_at", "updated_at") VALUES (?, ?, ?)[0m  [["user_id", 1], ["created_at", "2019-04-03 12:11:57.044125"], ["updated_at", "2019-04-03 12:11:57.044125"]]
  ↳ db/seeds.rb:74
  [1m[35m (1.6ms)[0m  [1m[36mcommit transaction[0m
  ↳ db/seeds.rb:74
  [1m[36mTicketType Load (0.4ms)[0m  [1m[34mSELECT "ticket_types".* FROM "ticket_types" WHERE "ticket_types"."event_id" = ?[0m  [["event_id", 1]]
  ↳ db/seeds.rb:76
  [1m[35m (0.1ms)[0m  [1m[36mbegin transaction[0m
  ↳ db/seeds.rb:78
  [1m[36mTicket Create (0.5ms)[0m  [1m[32mINSERT INTO "tickets" ("ticket_type_id", "order_id", "created_at", "updated_at") VALUES (?, ?, ?, ?)[0m  [["ticket_type_id", 3], ["order_id", 1], ["created_at", "2019-04-03 12:11:57.064324"], ["updated_at", "2019-04-03 12:11:57.064324"]]
  ↳ db/seeds.rb:78
  [1m[35m (1.7ms)[0m  [1m[36mcommit transaction[0m
  ↳ db/seeds.rb:78
  [1m[35m (0.1ms)[0m  [1m[36mbegin transaction[0m
  ↳ db/seeds.rb:74
  [1m[36mOrder Create (0.5ms)[0m  [1m[32mINSERT INTO "orders" ("user_id", "created_at", "updated_at") VALUES (?, ?, ?)[0m  [["user_id", 1], ["created_at", "2019-04-03 12:11:57.068508"], ["updated_at", "2019-04-03 12:11:57.068508"]]
  ↳ db/seeds.rb:74
  [1m[35m (1.9ms)[0m  [1m[36mcommit transaction[0m
  ↳ db/seeds.rb:74
  [1m[36mTicketType Load (0.2ms)[0m  [1m[34mSELECT "ticket_types".* FROM "ticket_types" WHERE "ticket_types"."event_id" = ?[0m  [["event_id", 2]]
  ↳ db/seeds.rb:76
  [1m[35m (0.0ms)[0m  [1m[36mbegin transaction[0m
  ↳ db/seeds.rb:78
  [1m[36mTicket Create (0.3ms)[0m  [1m[32mINSERT INTO "tickets" ("ticket_type_id", "order_id", "created_at", "updated_at") VALUES (?, ?, ?, ?)[0m  [["ticket_type_id", 5], ["order_id", 2], ["created_at", "2019-04-03 12:11:57.074102"], ["updated_at", "2019-04-03 12:11:57.074102"]]
  ↳ db/seeds.rb:78
  [1m[35m (1.8ms)[0m  [1m[36mcommit transaction[0m
  ↳ db/seeds.rb:78
  [1m[35m (0.0ms)[0m  [1m[36mbegin transaction[0m
  ↳ db/seeds.rb:74
  [1m[36mOrder Create (0.4ms)[0m  [1m[32mINSERT INTO "orders" ("user_id", "created_at", "updated_at") VALUES (?, ?, ?)[0m  [["user_id", 1], ["created_at", "2019-04-03 12:11:57.077832"], ["updated_at", "2019-04-03 12:11:57.077832"]]
  ↳ db/seeds.rb:74
  [1m[35m (1.8ms)[0m  [1m[36mcommit transaction[0m
  ↳ db/seeds.rb:74
  [1m[36mTicketType Load (0.2ms)[0m  [1m[34mSELECT "ticket_types".* FROM "ticket_types" WHERE "ticket_types"."event_id" = ?[0m  [["event_id", 3]]
  ↳ db/seeds.rb:76
  [1m[35m (0.0ms)[0m  [1m[36mbegin transaction[0m
  ↳ db/seeds.rb:78
  [1m[36mTicket Create (0.3ms)[0m  [1m[32mINSERT INTO "tickets" ("ticket_type_id", "order_id", "created_at", "updated_at") VALUES (?, ?, ?, ?)[0m  [["ticket_type_id", 7], ["order_id", 3], ["created_at", "2019-04-03 12:11:57.082408"], ["updated_at", "2019-04-03 12:11:57.082408"]]
  ↳ db/seeds.rb:78
  [1m[35m (1.8ms)[0m  [1m[36mcommit transaction[0m
  ↳ db/seeds.rb:78
  [1m[35m (0.1ms)[0m  [1m[36mbegin transaction[0m
  ↳ db/seeds.rb:74
  [1m[36mOrder Create (0.3ms)[0m  [1m[32mINSERT INTO "orders" ("user_id", "created_at", "updated_at") VALUES (?, ?, ?)[0m  [["user_id", 2], ["created_at", "2019-04-03 12:11:57.086337"], ["updated_at", "2019-04-03 12:11:57.086337"]]
  ↳ db/seeds.rb:74
  [1m[35m (1.7ms)[0m  [1m[36mcommit transaction[0m
  ↳ db/seeds.rb:74
  [1m[36mTicketType Load (0.2ms)[0m  [1m[34mSELECT "ticket_types".* FROM "ticket_types" WHERE "ticket_types"."event_id" = ?[0m  [["event_id", 1]]
  ↳ db/seeds.rb:76
  [1m[35m (0.1ms)[0m  [1m[36mbegin transaction[0m
  ↳ db/seeds.rb:78
  [1m[36mTicket Create (0.4ms)[0m  [1m[32mINSERT INTO "tickets" ("ticket_type_id", "order_id", "created_at", "updated_at") VALUES (?, ?, ?, ?)[0m  [["ticket_type_id", 3], ["order_id", 4], ["created_at", "2019-04-03 12:11:57.091410"], ["updated_at", "2019-04-03 12:11:57.091410"]]
  ↳ db/seeds.rb:78
  [1m[35m (1.7ms)[0m  [1m[36mcommit transaction[0m
  ↳ db/seeds.rb:78
  [1m[35m (0.1ms)[0m  [1m[36mbegin transaction[0m
  ↳ db/seeds.rb:74
  [1m[36mOrder Create (0.4ms)[0m  [1m[32mINSERT INTO "orders" ("user_id", "created_at", "updated_at") VALUES (?, ?, ?)[0m  [["user_id", 2], ["created_at", "2019-04-03 12:11:57.095459"], ["updated_at", "2019-04-03 12:11:57.095459"]]
  ↳ db/seeds.rb:74
  [1m[35m (1.7ms)[0m  [1m[36mcommit transaction[0m
  ↳ db/seeds.rb:74
  [1m[36mTicketType Load (0.1ms)[0m  [1m[34mSELECT "ticket_types".* FROM "ticket_types" WHERE "ticket_types"."event_id" = ?[0m  [["event_id", 2]]
  ↳ db/seeds.rb:76
  [1m[35m (0.0ms)[0m  [1m[36mbegin transaction[0m
  ↳ db/seeds.rb:78
  [1m[36mTicket Create (0.4ms)[0m  [1m[32mINSERT INTO "tickets" ("ticket_type_id", "order_id", "created_at", "updated_at") VALUES (?, ?, ?, ?)[0m  [["ticket_type_id", 6], ["order_id", 5], ["created_at", "2019-04-03 12:11:57.099949"], ["updated_at", "2019-04-03 12:11:57.099949"]]
  ↳ db/seeds.rb:78
  [1m[35m (1.9ms)[0m  [1m[36mcommit transaction[0m
  ↳ db/seeds.rb:78
  [1m[35m (0.1ms)[0m  [1m[36mbegin transaction[0m
  ↳ db/seeds.rb:74
  [1m[36mOrder Create (0.3ms)[0m  [1m[32mINSERT INTO "orders" ("user_id", "created_at", "updated_at") VALUES (?, ?, ?)[0m  [["user_id", 2], ["created_at", "2019-04-03 12:11:57.103762"], ["updated_at", "2019-04-03 12:11:57.103762"]]
  ↳ db/seeds.rb:74
  [1m[35m (1.7ms)[0m  [1m[36mcommit transaction[0m
  ↳ db/seeds.rb:74
  [1m[36mTicketType Load (0.1ms)[0m  [1m[34mSELECT "ticket_types".* FROM "ticket_types" WHERE "ticket_types"."event_id" = ?[0m  [["event_id", 3]]
  ↳ db/seeds.rb:76
  [1m[35m (0.0ms)[0m  [1m[36mbegin transaction[0m
  ↳ db/seeds.rb:78
  [1m[36mTicket Create (0.3ms)[0m  [1m[32mINSERT INTO "tickets" ("ticket_type_id", "order_id", "created_at", "updated_at") VALUES (?, ?, ?, ?)[0m  [["ticket_type_id", 7], ["order_id", 6], ["created_at", "2019-04-03 12:11:57.108016"], ["updated_at", "2019-04-03 12:11:57.108016"]]
  ↳ db/seeds.rb:78
  [1m[35m (1.9ms)[0m  [1m[36mcommit transaction[0m
  ↳ db/seeds.rb:78
  [1m[35m (0.0ms)[0m  [1m[36mbegin transaction[0m
  ↳ db/seeds.rb:74
  [1m[36mOrder Create (0.3ms)[0m  [1m[32mINSERT INTO "orders" ("user_id", "created_at", "updated_at") VALUES (?, ?, ?)[0m  [["user_id", 3], ["created_at", "2019-04-03 12:11:57.111645"], ["updated_at", "2019-04-03 12:11:57.111645"]]
  ↳ db/seeds.rb:74
  [1m[35m (1.8ms)[0m  [1m[36mcommit transaction[0m
  ↳ db/seeds.rb:74
  [1m[36mTicketType Load (0.1ms)[0m  [1m[34mSELECT "ticket_types".* FROM "ticket_types" WHERE "ticket_types"."event_id" = ?[0m  [["event_id", 1]]
  ↳ db/seeds.rb:76
  [1m[35m (0.0ms)[0m  [1m[36mbegin transaction[0m
  ↳ db/seeds.rb:78
  [1m[36mTicket Create (0.3ms)[0m  [1m[32mINSERT INTO "tickets" ("ticket_type_id", "order_id", "created_at", "updated_at") VALUES (?, ?, ?, ?)[0m  [["ticket_type_id", 3], ["order_id", 7], ["created_at", "2019-04-03 12:11:57.116746"], ["updated_at", "2019-04-03 12:11:57.116746"]]
  ↳ db/seeds.rb:78
  [1m[35m (1.9ms)[0m  [1m[36mcommit transaction[0m
  ↳ db/seeds.rb:78
  [1m[35m (0.0ms)[0m  [1m[36mbegin transaction[0m
  ↳ db/seeds.rb:74
  [1m[36mOrder Create (0.3ms)[0m  [1m[32mINSERT INTO "orders" ("user_id", "created_at", "updated_at") VALUES (?, ?, ?)[0m  [["user_id", 3], ["created_at", "2019-04-03 12:11:57.120559"], ["updated_at", "2019-04-03 12:11:57.120559"]]
  ↳ db/seeds.rb:74
  [1m[35m (1.7ms)[0m  [1m[36mcommit transaction[0m
  ↳ db/seeds.rb:74
  [1m[36mTicketType Load (0.1ms)[0m  [1m[34mSELECT "ticket_types".* FROM "ticket_types" WHERE "ticket_types"."event_id" = ?[0m  [["event_id", 2]]
  ↳ db/seeds.rb:76
  [1m[35m (0.0ms)[0m  [1m[36mbegin transaction[0m
  ↳ db/seeds.rb:78
  [1m[36mTicket Create (0.4ms)[0m  [1m[32mINSERT INTO "tickets" ("ticket_type_id", "order_id", "created_at", "updated_at") VALUES (?, ?, ?, ?)[0m  [["ticket_type_id", 6], ["order_id", 8], ["created_at", "2019-04-03 12:11:57.124704"], ["updated_at", "2019-04-03 12:11:57.124704"]]
  ↳ db/seeds.rb:78
  [1m[35m (2.0ms)[0m  [1m[36mcommit transaction[0m
  ↳ db/seeds.rb:78
  [1m[35m (0.1ms)[0m  [1m[36mbegin transaction[0m
  ↳ db/seeds.rb:74
  [1m[36mOrder Create (0.4ms)[0m  [1m[32mINSERT INTO "orders" ("user_id", "created_at", "updated_at") VALUES (?, ?, ?)[0m  [["user_id", 3], ["created_at", "2019-04-03 12:11:57.129224"], ["updated_at", "2019-04-03 12:11:57.129224"]]
  ↳ db/seeds.rb:74
  [1m[35m (1.6ms)[0m  [1m[36mcommit transaction[0m
  ↳ db/seeds.rb:74
  [1m[36mTicketType Load (0.1ms)[0m  [1m[34mSELECT "ticket_types".* FROM "ticket_types" WHERE "ticket_types"."event_id" = ?[0m  [["event_id", 3]]
  ↳ db/seeds.rb:76
  [1m[35m (0.0ms)[0m  [1m[36mbegin transaction[0m
  ↳ db/seeds.rb:78
  [1m[36mTicket Create (0.5ms)[0m  [1m[32mINSERT INTO "tickets" ("ticket_type_id", "order_id", "created_at", "updated_at") VALUES (?, ?, ?, ?)[0m  [["ticket_type_id", 9], ["order_id", 9], ["created_at", "2019-04-03 12:11:57.134248"], ["updated_at", "2019-04-03 12:11:57.134248"]]
  ↳ db/seeds.rb:78
  [1m[35m (1.8ms)[0m  [1m[36mcommit transaction[0m
  ↳ db/seeds.rb:78
  [1m[35m (0.1ms)[0m  [1m[36mbegin transaction[0m
  ↳ db/seeds.rb:74
  [1m[36mOrder Create (0.4ms)[0m  [1m[32mINSERT INTO "orders" ("user_id", "created_at", "updated_at") VALUES (?, ?, ?)[0m  [["user_id", 4], ["created_at", "2019-04-03 12:11:57.138464"], ["updated_at", "2019-04-03 12:11:57.138464"]]
  ↳ db/seeds.rb:74
  [1m[35m (1.7ms)[0m  [1m[36mcommit transaction[0m
  ↳ db/seeds.rb:74
  [1m[36mTicketType Load (0.2ms)[0m  [1m[34mSELECT "ticket_types".* FROM "ticket_types" WHERE "ticket_types"."event_id" = ?[0m  [["event_id", 1]]
  ↳ db/seeds.rb:76
  [1m[35m (0.0ms)[0m  [1m[36mbegin transaction[0m
  ↳ db/seeds.rb:78
  [1m[36mTicket Create (0.3ms)[0m  [1m[32mINSERT INTO "tickets" ("ticket_type_id", "order_id", "created_at", "updated_at") VALUES (?, ?, ?, ?)[0m  [["ticket_type_id", 1], ["order_id", 10], ["created_at", "2019-04-03 12:11:57.143668"], ["updated_at", "2019-04-03 12:11:57.143668"]]
  ↳ db/seeds.rb:78
  [1m[35m (2.3ms)[0m  [1m[36mcommit transaction[0m
  ↳ db/seeds.rb:78
  [1m[35m (0.0ms)[0m  [1m[36mbegin transaction[0m
  ↳ db/seeds.rb:74
  [1m[36mOrder Create (0.3ms)[0m  [1m[32mINSERT INTO "orders" ("user_id", "created_at", "updated_at") VALUES (?, ?, ?)[0m  [["user_id", 4], ["created_at", "2019-04-03 12:11:57.147762"], ["updated_at", "2019-04-03 12:11:57.147762"]]
  ↳ db/seeds.rb:74
  [1m[35m (1.8ms)[0m  [1m[36mcommit transaction[0m
  ↳ db/seeds.rb:74
  [1m[36mTicketType Load (0.1ms)[0m  [1m[34mSELECT "ticket_types".* FROM "ticket_types" WHERE "ticket_types"."event_id" = ?[0m  [["event_id", 2]]
  ↳ db/seeds.rb:76
  [1m[35m (0.1ms)[0m  [1m[36mbegin transaction[0m
  ↳ db/seeds.rb:78
  [1m[36mTicket Create (0.3ms)[0m  [1m[32mINSERT INTO "tickets" ("ticket_type_id", "order_id", "created_at", "updated_at") VALUES (?, ?, ?, ?)[0m  [["ticket_type_id", 6], ["order_id", 11], ["created_at", "2019-04-03 12:11:57.153619"], ["updated_at", "2019-04-03 12:11:57.153619"]]
  ↳ db/seeds.rb:78
  [1m[35m (1.7ms)[0m  [1m[36mcommit transaction[0m
  ↳ db/seeds.rb:78
  [1m[35m (0.0ms)[0m  [1m[36mbegin transaction[0m
  ↳ db/seeds.rb:74
  [1m[36mOrder Create (0.3ms)[0m  [1m[32mINSERT INTO "orders" ("user_id", "created_at", "updated_at") VALUES (?, ?, ?)[0m  [["user_id", 4], ["created_at", "2019-04-03 12:11:57.157311"], ["updated_at", "2019-04-03 12:11:57.157311"]]
  ↳ db/seeds.rb:74
  [1m[35m (1.8ms)[0m  [1m[36mcommit transaction[0m
  ↳ db/seeds.rb:74
  [1m[36mTicketType Load (0.1ms)[0m  [1m[34mSELECT "ticket_types".* FROM "ticket_types" WHERE "ticket_types"."event_id" = ?[0m  [["event_id", 3]]
  ↳ db/seeds.rb:76
  [1m[35m (0.0ms)[0m  [1m[36mbegin transaction[0m
  ↳ db/seeds.rb:78
  [1m[36mTicket Create (0.3ms)[0m  [1m[32mINSERT INTO "tickets" ("ticket_type_id", "order_id", "created_at", "updated_at") VALUES (?, ?, ?, ?)[0m  [["ticket_type_id", 8], ["order_id", 12], ["created_at", "2019-04-03 12:11:57.161807"], ["updated_at", "2019-04-03 12:11:57.161807"]]
  ↳ db/seeds.rb:78
  [1m[35m (1.8ms)[0m  [1m[36mcommit transaction[0m
  ↳ db/seeds.rb:78
  [1m[35m (0.0ms)[0m  [1m[36mbegin transaction[0m
  ↳ db/seeds.rb:74
  [1m[36mOrder Create (0.3ms)[0m  [1m[32mINSERT INTO "orders" ("user_id", "created_at", "updated_at") VALUES (?, ?, ?)[0m  [["user_id", 5], ["created_at", "2019-04-03 12:11:57.165639"], ["updated_at", "2019-04-03 12:11:57.165639"]]
  ↳ db/seeds.rb:74
  [1m[35m (1.7ms)[0m  [1m[36mcommit transaction[0m
  ↳ db/seeds.rb:74
  [1m[36mTicketType Load (0.1ms)[0m  [1m[34mSELECT "ticket_types".* FROM "ticket_types" WHERE "ticket_types"."event_id" = ?[0m  [["event_id", 1]]
  ↳ db/seeds.rb:76
  [1m[35m (0.0ms)[0m  [1m[36mbegin transaction[0m
  ↳ db/seeds.rb:78
  [1m[36mTicket Create (0.3ms)[0m  [1m[32mINSERT INTO "tickets" ("ticket_type_id", "order_id", "created_at", "updated_at") VALUES (?, ?, ?, ?)[0m  [["ticket_type_id", 1], ["order_id", 13], ["created_at", "2019-04-03 12:11:57.170405"], ["updated_at", "2019-04-03 12:11:57.170405"]]
  ↳ db/seeds.rb:78
  [1m[35m (1.6ms)[0m  [1m[36mcommit transaction[0m
  ↳ db/seeds.rb:78
  [1m[35m (0.0ms)[0m  [1m[36mbegin transaction[0m
  ↳ db/seeds.rb:74
  [1m[36mOrder Create (0.3ms)[0m  [1m[32mINSERT INTO "orders" ("user_id", "created_at", "updated_at") VALUES (?, ?, ?)[0m  [["user_id", 5], ["created_at", "2019-04-03 12:11:57.173908"], ["updated_at", "2019-04-03 12:11:57.173908"]]
  ↳ db/seeds.rb:74
  [1m[35m (1.5ms)[0m  [1m[36mcommit transaction[0m
  ↳ db/seeds.rb:74
  [1m[36mTicketType Load (0.1ms)[0m  [1m[34mSELECT "ticket_types".* FROM "ticket_types" WHERE "ticket_types"."event_id" = ?[0m  [["event_id", 2]]
  ↳ db/seeds.rb:76
  [1m[35m (0.0ms)[0m  [1m[36mbegin transaction[0m
  ↳ db/seeds.rb:78
  [1m[36mTicket Create (0.3ms)[0m  [1m[32mINSERT INTO "tickets" ("ticket_type_id", "order_id", "created_at", "updated_at") VALUES (?, ?, ?, ?)[0m  [["ticket_type_id", 4], ["order_id", 14], ["created_at", "2019-04-03 12:11:57.178028"], ["updated_at", "2019-04-03 12:11:57.178028"]]
  ↳ db/seeds.rb:78
  [1m[35m (1.8ms)[0m  [1m[36mcommit transaction[0m
  ↳ db/seeds.rb:78
  [1m[35m (0.0ms)[0m  [1m[36mbegin transaction[0m
  ↳ db/seeds.rb:74
  [1m[36mOrder Create (0.3ms)[0m  [1m[32mINSERT INTO "orders" ("user_id", "created_at", "updated_at") VALUES (?, ?, ?)[0m  [["user_id", 5], ["created_at", "2019-04-03 12:11:57.181738"], ["updated_at", "2019-04-03 12:11:57.181738"]]
  ↳ db/seeds.rb:74
  [1m[35m (1.4ms)[0m  [1m[36mcommit transaction[0m
  ↳ db/seeds.rb:74
  [1m[36mTicketType Load (0.1ms)[0m  [1m[34mSELECT "ticket_types".* FROM "ticket_types" WHERE "ticket_types"."event_id" = ?[0m  [["event_id", 3]]
  ↳ db/seeds.rb:76
  [1m[35m (0.0ms)[0m  [1m[36mbegin transaction[0m
  ↳ db/seeds.rb:78
  [1m[36mTicket Create (0.3ms)[0m  [1m[32mINSERT INTO "tickets" ("ticket_type_id", "order_id", "created_at", "updated_at") VALUES (?, ?, ?, ?)[0m  [["ticket_type_id", 7], ["order_id", 15], ["created_at", "2019-04-03 12:11:57.185925"], ["updated_at", "2019-04-03 12:11:57.185925"]]
  ↳ db/seeds.rb:78
  [1m[35m (1.5ms)[0m  [1m[36mcommit transaction[0m
  ↳ db/seeds.rb:78
  [1m[35m (0.1ms)[0m  [1m[36mbegin transaction[0m
  [1m[36mUser Create (0.5ms)[0m  [1m[32mINSERT INTO "users" ("name", "lastname", "email", "password", "address", "phone", "created_at", "updated_at") VALUES (?, ?, ?, ?, ?, ?, ?, ?)[0m  [["name", "Paz Torres"], ["lastname", "Torres"], ["email", "cptorres@miuandes.cl"], ["password", "pez123"], ["address", "Aqui"], ["phone", 56979469949], ["created_at", "2019-04-03 12:37:27.575977"], ["updated_at", "2019-04-03 12:37:27.575977"]]
  [1m[35m (1.5ms)[0m  [1m[36mcommit transaction[0m
  [1m[35m (0.1ms)[0m  [1m[36mbegin transaction[0m
  [1m[35m (0.1ms)[0m  [1m[36mcommit transaction[0m
  [1m[35m (0.1ms)[0m  [1m[36mbegin transaction[0m
  [1m[35m (0.1ms)[0m  [1m[31mrollback transaction[0m
  [1m[35m (0.1ms)[0m  [1m[36mbegin transaction[0m
  [1m[35m (0.1ms)[0m  [1m[31mrollback transaction[0m
  [1m[35m (0.1ms)[0m  [1m[36mbegin transaction[0m
  [1m[35m (0.1ms)[0m  [1m[31mrollback transaction[0m
  [1m[35m (0.1ms)[0m  [1m[36mbegin transaction[0m
  [1m[35m (0.2ms)[0m  [1m[31mrollback transaction[0m
  [1m[35m (0.1ms)[0m  [1m[36mbegin transaction[0m
  [1m[36mUser Create (0.4ms)[0m  [1m[32mINSERT INTO "users" ("name", "lastname", "email", "password", "address", "phone", "created_at", "updated_at") VALUES (?, ?, ?, ?, ?, ?, ?, ?)[0m  [["name", "Benjamin"], ["lastname", "Bravo"], ["email", "soyMetalero@gmail.com"], ["password", "Kala123"], ["address", "Alla"], ["phone", 56974647445], ["created_at", "2019-04-03 12:51:58.874695"], ["updated_at", "2019-04-03 12:51:58.874695"]]
  [1m[35m (1.5ms)[0m  [1m[36mcommit transaction[0m
  [1m[35m (0.1ms)[0m  [1m[36mbegin transaction[0m
  [1m[36mUser Create (1.3ms)[0m  [1m[32mINSERT INTO "users" ("name", "lastname", "email", "password", "address", "phone", "created_at", "updated_at") VALUES (?, ?, ?, ?, ?, ?, ?, ?)[0m  [["name", "Cristobal"], ["lastname", "Uslar"], ["email", "Amo_mi_cama@gmail.com"], ["password", "soydelcampo123"], ["address", "Campo 123"], ["phone", 5626789546], ["created_at", "2019-04-03 12:54:38.092137"], ["updated_at", "2019-04-03 12:54:38.092137"]]
  [1m[35m (6.0ms)[0m  [1m[36mcommit transaction[0m
  [1m[36mUser Load (0.5ms)[0m  [1m[34mSELECT  "users".* FROM "users" LIMIT ?[0m  [["LIMIT", 11]]
  [1m[36mUser Load (0.4ms)[0m  [1m[34mSELECT  "users".* FROM "users" WHERE "users"."id" = ? LIMIT ?[0m  [["id", 8], ["LIMIT", 1]]
  [1m[35m (0.1ms)[0m  [1m[36mbegin transaction[0m
  [1m[36mUser Create (0.6ms)[0m  [1m[32mINSERT INTO "users" ("name", "lastname", "email", "password", "address", "phone", "created_at", "updated_at") VALUES (?, ?, ?, ?, ?, ?, ?, ?)[0m  [["name", "Cristobal"], ["lastname", "Uslar"], ["email", "Amo_mi_cam22a@gmail.com"], ["password", "soydelcampo13"], ["address", "Campo 123"], ["phone", 5626789546], ["created_at", "2019-04-03 12:58:16.492091"], ["updated_at", "2019-04-03 12:58:16.492091"]]
  [1m[35m (2.0ms)[0m  [1m[36mcommit transaction[0m
  [1m[35m (0.1ms)[0m  [1m[36mbegin transaction[0m
  [1m[35m (0.1ms)[0m  [1m[31mrollback transaction[0m
  [1m[36mUser Load (0.4ms)[0m  [1m[34mSELECT  "users".* FROM "users" LIMIT ?[0m  [["LIMIT", 11]]
  [1m[35m (0.1ms)[0m  [1m[36mbegin transaction[0m
  [1m[36mUser Create (0.5ms)[0m  [1m[32mINSERT INTO "users" ("name", "lastname", "email", "password", "address", "phone", "created_at", "updated_at") VALUES (?, ?, ?, ?, ?, ?, ?, ?)[0m  [["name", "Cristobal"], ["lastname", "Uslar"], ["email", "Amo_mi_cam22@hotmail.com"], ["password", "soydelcampo3"], ["address", "Campo 123"], ["phone", 123456789], ["created_at", "2019-04-03 13:09:19.892546"], ["updated_at", "2019-04-03 13:09:19.892546"]]
  [1m[35m (1.8ms)[0m  [1m[36mcommit transaction[0m
  [1m[35m (0.1ms)[0m  [1m[36mbegin transaction[0m
  [1m[35m (0.1ms)[0m  [1m[31mrollback transaction[0m
  [1m[35m (0.1ms)[0m  [1m[36mbegin transaction[0m
  [1m[35m (0.1ms)[0m  [1m[31mrollback transaction[0m
  [1m[35m (0.1ms)[0m  [1m[36mbegin transaction[0m
  [1m[35m (0.1ms)[0m  [1m[31mrollback transaction[0m
  [1m[36mEventVenue Load (0.2ms)[0m  [1m[34mSELECT  "event_venues".* FROM "event_venues" WHERE "event_venues"."id" = ? LIMIT ?[0m  [["id", 1], ["LIMIT", 1]]
  [1m[36mUser Load (0.6ms)[0m  [1m[34mSELECT  "users".* FROM "users" LIMIT ?[0m  [["LIMIT", 11]]
  [1m[36mEvent Load (0.4ms)[0m  [1m[34mSELECT  "events".* FROM "events" LIMIT ?[0m  [["LIMIT", 11]]
  [1m[36mEventVenue Load (0.4ms)[0m  [1m[34mSELECT  "event_venues".* FROM "event_venues" LIMIT ?[0m  [["LIMIT", 11]]
  [1m[35m (0.1ms)[0m  [1m[36mbegin transaction[0m
  [1m[36mEventVenue Create (0.6ms)[0m  [1m[32mINSERT INTO "event_venues" ("name", "address", "capacity", "created_at", "updated_at") VALUES (?, ?, ?, ?, ?)[0m  [["name", "Sala 0"], ["address", "Uandes"], ["capacity", 6000], ["created_at", "2019-04-03 13:53:45.998526"], ["updated_at", "2019-04-03 13:53:45.998526"]]
  [1m[35m (2.0ms)[0m  [1m[36mcommit transaction[0m
  [1m[36mEventVenue Load (0.4ms)[0m  [1m[34mSELECT  "event_venues".* FROM "event_venues" WHERE "event_venues"."id" = ? LIMIT ?[0m  [["id", 4], ["LIMIT", 1]]
  [1m[35m (0.1ms)[0m  [1m[36mbegin transaction[0m
  [1m[36mEvent Create (0.9ms)[0m  [1m[32mINSERT INTO "events" ("name", "description", "start_date", "event_venue_id", "created_at", "updated_at") VALUES (?, ?, ?, ?, ?, ?)[0m  [["name", "Bad Bunny"], ["description", "Puro Trap"], ["start_date", "2019-04-03"], ["event_venue_id", 4], ["created_at", "2019-04-03 13:59:02.542255"], ["updated_at", "2019-04-03 13:59:02.542255"]]
  [1m[35m (2.2ms)[0m  [1m[36mcommit transaction[0m
  [1m[36mTicketZone Load (0.2ms)[0m  [1m[34mSELECT  "ticket_zones".* FROM "ticket_zones" LIMIT ?[0m  [["LIMIT", 11]]
  [1m[36mEvent Load (0.3ms)[0m  [1m[34mSELECT  "events".* FROM "events" WHERE "events"."id" = ? LIMIT ?[0m  [["id", 4], ["LIMIT", 1]]
  [1m[36mTicketZone Load (0.3ms)[0m  [1m[34mSELECT  "ticket_zones".* FROM "ticket_zones" WHERE "ticket_zones"."id" = ? LIMIT ?[0m  [["id", 0], ["LIMIT", 1]]
  [1m[36mTicketZone Load (0.3ms)[0m  [1m[34mSELECT  "ticket_zones".* FROM "ticket_zones" WHERE "ticket_zones"."id" = ? LIMIT ?[0m  [["id", 1], ["LIMIT", 1]]
  [1m[35m (0.1ms)[0m  [1m[36mbegin transaction[0m
  [1m[35m (0.1ms)[0m  [1m[31mrollback transaction[0m
  [1m[35m (0.2ms)[0m  [1m[36mbegin transaction[0m
  [1m[35m (0.1ms)[0m  [1m[31mrollback transaction[0m
  [1m[35m (0.1ms)[0m  [1m[36mbegin transaction[0m
  [1m[35m (0.1ms)[0m  [1m[31mrollback transaction[0m
  [1m[35m (0.1ms)[0m  [1m[36mbegin transaction[0m
  [1m[35m (0.1ms)[0m  [1m[31mrollback transaction[0m
  [1m[36mOrder Load (0.2ms)[0m  [1m[34mSELECT  "orders".* FROM "orders" LIMIT ?[0m  [["LIMIT", 11]]
  [1m[35m (1.5ms)[0m  [1m[34mSELECT "schema_migrations"."version" FROM "schema_migrations" ORDER BY "schema_migrations"."version" ASC[0m
  ↳ /Users/paz_torres/.rvm/gems/ruby-2.5.1/bin/rake:23
  [1m[36mActiveRecord::InternalMetadata Load (1.9ms)[0m  [1m[34mSELECT  "ar_internal_metadata".* FROM "ar_internal_metadata" WHERE "ar_internal_metadata"."key" = ? LIMIT ?[0m  [["key", "environment"], ["LIMIT", 1]]
  ↳ /Users/paz_torres/.rvm/gems/ruby-2.5.1/bin/rake:23
  [1m[35m (0.1ms)[0m  [1m[36mbegin transaction[0m
  ↳ /Users/paz_torres/.rvm/gems/ruby-2.5.1/bin/rake:23
  [1m[35m (0.1ms)[0m  [1m[36mcommit transaction[0m
  ↳ /Users/paz_torres/.rvm/gems/ruby-2.5.1/bin/rake:23
  [1m[35m (0.1ms)[0m  [1m[34mSELECT "schema_migrations"."version" FROM "schema_migrations" ORDER BY "schema_migrations"."version" ASC[0m
  ↳ /Users/paz_torres/.rvm/gems/ruby-2.5.1/bin/rake:23
  [1m[35m (0.1ms)[0m  [1m[34mSELECT "schema_migrations"."version" FROM "schema_migrations" ORDER BY "schema_migrations"."version" ASC[0m
  ↳ /Users/paz_torres/.rvm/gems/ruby-2.5.1/bin/rake:23
  [1m[35m (0.1ms)[0m  [1m[36mbegin transaction[0m
  ↳ db/seeds.rb:25
  [1m[35m (0.1ms)[0m  [1m[31mrollback transaction[0m
  ↳ db/seeds.rb:25
